2021-03-24 15:23:10 DEBUG    로그인 시도
2021-03-24 15:23:10 DEBUG    초기 요청 준비
2021-03-24 15:23:10 DEBUG    요청 실행: kiwoom_CommConnect () {}
2021-03-24 15:23:35 DEBUG    요청 콜백: kiwoom_OnEventConnect (0,) {}
2021-03-24 15:23:35 DEBUG    로그인 성공
2021-03-24 15:23:35 DEBUG    로그인 결과: {'result': 0}
2021-03-24 15:23:49 DEBUG    로그인 시도
2021-03-24 15:23:49 DEBUG    초기 요청 준비
2021-03-24 15:23:49 DEBUG    요청 실행: kiwoom_CommConnect () {}
2021-03-24 15:23:56 DEBUG    요청 콜백: kiwoom_OnEventConnect (0,) {}
2021-03-24 15:23:56 DEBUG    로그인 성공
2021-03-24 15:23:56 DEBUG    로그인 결과: {'result': 0}
2021-03-24 15:23:56 DEBUG    초기 요청 준비
2021-03-24 15:23:56 DEBUG    요청 실행: kiwoom_SendOrder ('매수', '1234', '8162124111', 1, '122630', 1, 0, '03', '') {}
2021-03-24 15:23:56 DEBUG    주문: 매수 1234 8162124111 1 122630 1 0 03 
2021-03-24 15:23:56 DEBUG    kiwoom_SendOrder.lRet: 0
2021-03-24 15:23:57 DEBUG    주문/잔고: 1234 매수 KOA_NORMAL_BUY_KP_ORD [00Z112] 모의투자 정상처리 되었습니다
2021-03-24 15:23:57 DEBUG    요청 콜백: kiwoom_OnReceiveTrData ('1234', '매수', 'KOA_NORMAL_BUY_KP_ORD', '', '', 0, '', '', '') {}
2021-03-24 15:23:57 DEBUG    Unknown sRQName: 매수
2021-03-24 15:31:43 DEBUG    로그인 시도
2021-03-24 15:31:43 DEBUG    초기 요청 준비
2021-03-24 15:31:43 DEBUG    요청 실행: kiwoom_CommConnect () {}
2021-03-24 15:31:52 DEBUG    요청 콜백: kiwoom_OnEventConnect (0,) {}
2021-03-24 15:31:52 DEBUG    로그인 성공
2021-03-24 15:31:52 DEBUG    로그인 결과: {'result': 0}
2021-03-24 15:31:52 DEBUG    초기 요청 준비
2021-03-24 15:31:52 DEBUG    요청 실행: kiwoom_TR_OPT10085 ('8162124111',) {}
2021-03-24 15:31:52 DEBUG    주문/잔고:     조회가 완료되었습니다.
2021-03-24 15:31:52 DEBUG    요청 콜백: kiwoom_OnReceiveTrData ('1234', '계좌수익률요청', 'opt10085', '', '0', 0, '', '', '') {}
2021-03-24 15:31:52 DEBUG    계좌수익: {'종목코드': '122630', '종목명': 'KODEX 레버리지', '현재가': -25360, '매입가': '25360', '보유수량': 1, '총매입가': 25360, '수익': -50720}
2021-03-24 15:31:52 DEBUG    초기 요청 준비
2021-03-24 15:31:52 DEBUG    요청 실행: kiwoom_SendOrder ('종목신규매수', '1234', '8162124111', 1, '122630', 1, 0, '03', '') {}
2021-03-24 15:31:52 DEBUG    주문: 종목신규매수 1234 8162124111 1 122630 1 0 03 
2021-03-24 15:31:52 DEBUG    kiwoom_SendOrder.lRet: 0
2021-03-24 15:31:52 DEBUG    주문/잔고: 1234 종목신규매수 KOA_NORMAL_BUY_KP_ORD [00Z218] 모의투자 장종료 상태입니다
2021-03-24 15:31:52 DEBUG    요청 콜백: kiwoom_OnReceiveTrData ('1234', '종목신규매수', 'KOA_NORMAL_BUY_KP_ORD', '', '', 0, '', '', '') {}
2021-03-24 15:31:52 DEBUG    Unknown sRQName: 종목신규매수
