2021-03-25 09:47:46 DEBUG    로그인 시도
2021-03-25 09:47:46 DEBUG    초기 요청 준비
2021-03-25 09:47:46 DEBUG    요청 실행: kiwoom_CommConnect () {}
2021-03-25 09:48:09 DEBUG    요청 콜백: kiwoom_OnEventConnect (0,) {}
2021-03-25 09:48:09 DEBUG    로그인 성공
2021-03-25 09:48:09 DEBUG    로그인 결과: {'result': 0}
2021-03-25 09:48:09 DEBUG    초기 요청 준비
2021-03-25 09:48:09 DEBUG    요청 실행: kiwoom_TR_OPW00001 ('8162124111',) {}
2021-03-25 09:48:14 DEBUG    주문/잔고: 1234 예수금상세현황요청 opw00001 [00Z310] 모의투자 조회가 완료되었습니다
2021-03-25 09:48:14 DEBUG    요청 콜백: kiwoom_OnReceiveTrData ('1234', '예수금상세현황요청', 'opw00001', '', '', 0, '', '', '') {}
2021-03-25 09:48:14 DEBUG    예수금상세현황요청: 949238
2021-03-25 09:49:00 DEBUG    로그인 시도
2021-03-25 09:49:00 DEBUG    초기 요청 준비
2021-03-25 09:49:00 DEBUG    요청 실행: kiwoom_CommConnect () {}
2021-03-25 09:49:08 DEBUG    요청 콜백: kiwoom_OnEventConnect (0,) {}
2021-03-25 09:49:08 DEBUG    로그인 성공
2021-03-25 09:49:08 DEBUG    로그인 결과: {'result': 0}
2021-03-25 09:49:08 DEBUG    초기 요청 준비
2021-03-25 09:49:08 DEBUG    요청 실행: kiwoom_TR_OPW00001 ('8162124111',) {}
2021-03-25 09:49:10 DEBUG    주문/잔고: 1234 예수금상세현황요청 opw00001 [00Z310] 모의투자 조회가 완료되었습니다
2021-03-25 09:49:10 DEBUG    요청 콜백: kiwoom_OnReceiveTrData ('1234', '예수금상세현황요청', 'opw00001', '', '', 0, '', '', '') {}
2021-03-25 09:49:10 DEBUG    예수금상세현황요청: 949238
2021-03-25 09:49:10 DEBUG    초기 요청 준비
2021-03-25 09:49:10 DEBUG    요청 실행: kiwoom_TR_OPT10085 ('8162124111',) {}
2021-03-25 09:49:10 DEBUG    주문/잔고:     조회가 완료되었습니다.
2021-03-25 09:49:10 DEBUG    요청 콜백: kiwoom_OnReceiveTrData ('1234', '계좌수익률요청', 'opt10085', '', '0', 0, '', '', '') {}
2021-03-25 09:49:10 DEBUG    계좌수익: {'종목코드': '122630', '종목명': 'KODEX 레버리지', '현재가': 25370, '매입가': '25280', '보유수량': 2, '총매입가': 25280, '수익': 180}
2021-03-25 14:41:33 DEBUG    로그인 시도
2021-03-25 14:41:33 DEBUG    초기 요청 준비
2021-03-25 14:41:33 DEBUG    요청 실행: kiwoom_CommConnect () {}
2021-03-25 14:41:46 DEBUG    요청 콜백: kiwoom_OnEventConnect (0,) {}
2021-03-25 14:41:46 DEBUG    로그인 성공
2021-03-25 14:41:46 DEBUG    로그인 결과: {'result': 0}
2021-03-25 14:41:46 DEBUG    초기 요청 준비
2021-03-25 14:41:46 DEBUG    요청 실행: kiwoom_TR_OPW00001 ('8162124111',) {}
2021-03-25 14:41:47 DEBUG    주문/잔고: 1234 예수금상세현황요청 opw00001 [00Z310] 모의투자 조회가 완료되었습니다
2021-03-25 14:41:47 DEBUG    요청 콜백: kiwoom_OnReceiveTrData ('1234', '예수금상세현황요청', 'opw00001', '', '', 0, '', '', '') {}
2021-03-25 14:41:47 DEBUG    예수금상세현황요청: 947571
2021-03-25 14:41:47 DEBUG    초기 요청 준비
2021-03-25 14:41:47 DEBUG    요청 실행: kiwoom_TR_OPT10085 ('8162124111',) {}
2021-03-25 14:41:47 DEBUG    주문/잔고:     조회가 완료되었습니다.
2021-03-25 14:41:47 DEBUG    요청 콜백: kiwoom_OnReceiveTrData ('1234', '계좌수익률요청', 'opt10085', '', '0', 0, '', '', '') {}
2021-03-25 14:41:47 DEBUG    계좌수익: {'종목코드': '122630', '종목명': 'KODEX 레버리지', '현재가': 25500, '매입가': '25506', '보유수량': 2, '총매입가': 25506, '수익': -12}
2021-03-25 14:47:43 DEBUG    로그인 시도
2021-03-25 14:47:43 DEBUG    초기 요청 준비
2021-03-25 14:47:43 DEBUG    요청 실행: kiwoom_CommConnect () {}
2021-03-25 14:47:55 DEBUG    요청 콜백: kiwoom_OnEventConnect (0,) {}
2021-03-25 14:47:55 DEBUG    로그인 성공
2021-03-25 14:47:55 DEBUG    로그인 결과: {'result': 0}
2021-03-25 14:47:55 DEBUG    초기 요청 준비
2021-03-25 14:47:55 DEBUG    요청 실행: kiwoom_TR_OPW00001 ('8162124111',) {}
2021-03-25 14:47:56 DEBUG    주문/잔고: 1234 예수금상세현황요청 opw00001 [00Z310] 모의투자 조회가 완료되었습니다
2021-03-25 14:47:56 DEBUG    요청 콜백: kiwoom_OnReceiveTrData ('1234', '예수금상세현황요청', 'opw00001', '', '', 0, '', '', '') {}
2021-03-25 14:47:56 DEBUG    예수금상세현황요청: 922111
2021-03-25 14:47:56 DEBUG    초기 요청 준비
2021-03-25 14:47:56 DEBUG    요청 실행: kiwoom_TR_OPT10085 ('8162124111',) {}
2021-03-25 14:47:56 DEBUG    주문/잔고:     조회가 완료되었습니다.
2021-03-25 14:47:56 DEBUG    요청 콜백: kiwoom_OnReceiveTrData ('1234', '계좌수익률요청', 'opt10085', '', '0', 0, '', '', '') {}
2021-03-25 14:47:56 DEBUG    계좌수익: {'종목코드': '122630', '종목명': 'KODEX 레버리지', '현재가': 25455, '매입가': '25491', '보유수량': 3, '총매입가': 25491, '수익': -108}
2021-03-25 14:52:11 DEBUG    로그인 시도
2021-03-25 14:52:11 DEBUG    초기 요청 준비
2021-03-25 14:52:11 DEBUG    요청 실행: kiwoom_CommConnect () {}
2021-03-25 14:52:22 DEBUG    요청 콜백: kiwoom_OnEventConnect (0,) {}
2021-03-25 14:52:22 DEBUG    로그인 성공
2021-03-25 14:52:22 DEBUG    로그인 결과: {'result': 0}
2021-03-25 14:52:22 DEBUG    초기 요청 준비
2021-03-25 14:52:22 DEBUG    요청 실행: kiwoom_TR_OPW00001 ('8162124111',) {}
2021-03-25 14:52:23 DEBUG    주문/잔고: 1234 예수금상세현황요청 opw00001 [00Z310] 모의투자 조회가 완료되었습니다
2021-03-25 14:52:23 DEBUG    요청 콜백: kiwoom_OnReceiveTrData ('1234', '예수금상세현황요청', 'opw00001', '', '', 0, '', '', '') {}
2021-03-25 14:52:23 DEBUG    예수금상세현황요청: 896671
2021-03-25 14:52:23 DEBUG    초기 요청 준비
2021-03-25 14:52:23 DEBUG    요청 실행: kiwoom_TR_OPT10085 ('8162124111',) {}
2021-03-25 14:52:23 DEBUG    주문/잔고:     조회가 완료되었습니다.
2021-03-25 14:52:23 DEBUG    요청 콜백: kiwoom_OnReceiveTrData ('1234', '계좌수익률요청', 'opt10085', '', '0', 0, '', '', '') {}
2021-03-25 14:52:23 DEBUG    계좌수익: {'종목코드': '122630', '종목명': 'KODEX 레버리지', '현재가': 25460, '매입가': '25478', '보유수량': 4, '총매입가': 25478, '수익': -72}
2021-03-25 16:00:34 DEBUG    로그인 시도
2021-03-25 16:00:34 DEBUG    초기 요청 준비
2021-03-25 16:00:34 DEBUG    요청 실행: kiwoom_CommConnect () {}
2021-03-25 16:00:42 DEBUG    요청 콜백: kiwoom_OnEventConnect (0,) {}
2021-03-25 16:00:42 DEBUG    로그인 성공
2021-03-25 16:00:42 DEBUG    로그인 결과: {'result': 0}
2021-03-25 16:00:42 DEBUG    초기 요청 준비
2021-03-25 16:00:42 DEBUG    요청 실행: kiwoom_TR_OPW00001 ('8162124111',) {}
2021-03-25 16:00:43 DEBUG    주문/잔고: 1234 예수금상세현황요청 opw00001 [00Z310] 모의투자 조회가 완료되었습니다
2021-03-25 16:00:43 DEBUG    요청 콜백: kiwoom_OnReceiveTrData ('1234', '예수금상세현황요청', 'opw00001', '', '', 0, '', '', '') {}
2021-03-25 16:00:43 DEBUG    예수금상세현황요청: 896493
2021-03-25 16:00:43 DEBUG    초기 요청 준비
2021-03-25 16:00:43 DEBUG    요청 실행: kiwoom_TR_OPT10085 ('8162124111',) {}
2021-03-25 16:00:43 DEBUG    주문/잔고:     조회가 완료되었습니다.
2021-03-25 16:00:43 DEBUG    요청 콜백: kiwoom_OnReceiveTrData ('1234', '계좌수익률요청', 'opt10085', '', '0', 0, '', '', '') {}
2021-03-25 16:00:43 DEBUG    계좌수익: {'종목코드': '122630', '종목명': 'KODEX 레버리지', '현재가': 25555, '매입가': '25476', '보유수량': 4, '총매입가': 25476, '수익': 316}
