2021-03-26 15:40:30 DEBUG    로그인 시도
2021-03-26 15:40:30 DEBUG    초기 요청 준비
2021-03-26 15:40:30 DEBUG    요청 실행: kiwoom_CommConnect () {}
2021-03-26 15:40:50 DEBUG    요청 콜백: kiwoom_OnEventConnect (0,) {}
2021-03-26 15:40:50 DEBUG    로그인 성공
2021-03-26 15:40:50 DEBUG    로그인 결과: {'result': 0}
2021-03-26 15:41:06 DEBUG    로그인 시도
2021-03-26 15:41:06 DEBUG    초기 요청 준비
2021-03-26 15:41:06 DEBUG    요청 실행: kiwoom_CommConnect () {}
2021-03-26 15:41:12 DEBUG    요청 콜백: kiwoom_OnEventConnect (0,) {}
2021-03-26 15:41:12 DEBUG    로그인 성공
2021-03-26 15:41:12 DEBUG    로그인 결과: {'result': 0}
2021-03-26 15:41:12 DEBUG    초기 요청 준비
2021-03-26 15:41:12 DEBUG    요청 실행: kiwoom_TR_OPT10003 ('122630',) {}
2021-03-26 15:41:28 DEBUG    요청 콜백: kiwoom_OnReceiveTrData ('1234', '체결정보', 'OPT10003', '', '2', 0, '', '', '') {}
2021-03-26 15:41:28 DEBUG    체결정보: , {'종목코드': '122630', '일자': '2021326', '시간': '154048', '현재가': '+26050', '우선매도호가단위': '+26050', '우선매수호가단위': '+26045'}
2021-03-26 15:41:29 DEBUG    초기 요청 준비
2021-03-26 15:41:29 DEBUG    요청 실행: kiwoom_TR_OPT10003 ('122630',) {}
2021-03-26 15:41:29 DEBUG    요청 콜백: kiwoom_OnReceiveTrData ('1234', '체결정보', 'OPT10003', '', '2', 0, '', '', '') {}
2021-03-26 15:41:29 DEBUG    체결정보: , {'종목코드': '122630', '일자': '2021326', '시간': '154048', '현재가': '+26050', '우선매도호가단위': '+26050', '우선매수호가단위': '+26045'}
2021-03-26 15:41:30 DEBUG    초기 요청 준비
2021-03-26 15:41:30 DEBUG    요청 실행: kiwoom_TR_OPT10003 ('122630',) {}
2021-03-26 15:41:30 DEBUG    요청 콜백: kiwoom_OnReceiveTrData ('1234', '체결정보', 'OPT10003', '', '2', 0, '', '', '') {}
2021-03-26 15:41:30 DEBUG    체결정보: , {'종목코드': '122630', '일자': '2021326', '시간': '154048', '현재가': '+26050', '우선매도호가단위': '+26050', '우선매수호가단위': '+26045'}
2021-03-26 15:43:52 DEBUG    로그인 시도
2021-03-26 15:43:52 DEBUG    초기 요청 준비
2021-03-26 15:43:52 DEBUG    요청 실행: kiwoom_CommConnect () {}
2021-03-26 15:43:59 DEBUG    요청 콜백: kiwoom_OnEventConnect (0,) {}
2021-03-26 15:43:59 DEBUG    로그인 성공
2021-03-26 15:43:59 DEBUG    로그인 결과: {'result': 0}
2021-03-26 15:43:59 DEBUG    초기 요청 준비
2021-03-26 15:43:59 DEBUG    요청 실행: kiwoom_TR_OPT10003 ('122630',) {}
2021-03-26 15:44:00 DEBUG    요청 콜백: kiwoom_OnReceiveTrData ('1234', '체결정보', 'OPT10003', '', '2', 0, '', '', '') {}
2021-03-26 15:44:00 DEBUG    체결정보: , {'종목코드': '122630', '일자': '2021326', '시간': '154154', '현재가': '+26050', '우선매도호가단위': '+26050', '우선매수호가단위': '+26045'}
2021-03-26 15:44:01 DEBUG    초기 요청 준비
2021-03-26 15:44:01 DEBUG    요청 실행: kiwoom_TR_OPT10003 ('122630',) {}
2021-03-26 15:44:01 DEBUG    요청 콜백: kiwoom_OnReceiveTrData ('1234', '체결정보', 'OPT10003', '', '2', 0, '', '', '') {}
2021-03-26 15:44:01 DEBUG    체결정보: , {'종목코드': '122630', '일자': '2021326', '시간': '154401', '현재가': '+26050', '우선매도호가단위': '+26050', '우선매수호가단위': '+26045'}
2021-03-26 15:44:02 DEBUG    초기 요청 준비
2021-03-26 15:44:02 DEBUG    요청 실행: kiwoom_TR_OPT10003 ('122630',) {}
2021-03-26 15:44:02 DEBUG    요청 콜백: kiwoom_OnReceiveTrData ('1234', '체결정보', 'OPT10003', '', '2', 0, '', '', '') {}
2021-03-26 15:44:02 DEBUG    체결정보: , {'종목코드': '122630', '일자': '2021326', '시간': '154401', '현재가': '+26050', '우선매도호가단위': '+26050', '우선매수호가단위': '+26045'}
2021-03-26 15:44:50 DEBUG    로그인 시도
2021-03-26 15:44:50 DEBUG    초기 요청 준비
2021-03-26 15:44:50 DEBUG    요청 실행: kiwoom_CommConnect () {}
2021-03-26 15:44:56 DEBUG    요청 콜백: kiwoom_OnEventConnect (0,) {}
2021-03-26 15:44:56 DEBUG    로그인 성공
2021-03-26 15:44:56 DEBUG    로그인 결과: {'result': 0}
2021-03-26 15:44:56 DEBUG    초기 요청 준비
2021-03-26 15:44:56 DEBUG    요청 실행: kiwoom_TR_OPT10003 ('122630',) {}
2021-03-26 15:44:57 DEBUG    요청 콜백: kiwoom_OnReceiveTrData ('1234', '체결정보', 'OPT10003', '', '2', 0, '', '', '') {}
2021-03-26 15:44:57 DEBUG    체결정보: , {'종목코드': '122630', '일자': '2021326', '시간': '154401', '현재가': '+26050', '우선매도호가단위': '+26050', '우선매수호가단위': '+26045'}
2021-03-26 15:44:58 DEBUG    초기 요청 준비
2021-03-26 15:44:58 DEBUG    요청 실행: kiwoom_TR_OPT10003 ('122630',) {}
2021-03-26 15:44:58 DEBUG    요청 콜백: kiwoom_OnReceiveTrData ('1234', '체결정보', 'OPT10003', '', '2', 0, '', '', '') {}
2021-03-26 15:44:58 DEBUG    체결정보: , {'종목코드': '122630', '일자': '2021326', '시간': '154401', '현재가': '+26050', '우선매도호가단위': '+26050', '우선매수호가단위': '+26045'}
2021-03-26 15:44:59 DEBUG    초기 요청 준비
2021-03-26 15:44:59 DEBUG    요청 실행: kiwoom_TR_OPT10003 ('122630',) {}
2021-03-26 15:44:59 DEBUG    요청 콜백: kiwoom_OnReceiveTrData ('1234', '체결정보', 'OPT10003', '', '2', 0, '', '', '') {}
2021-03-26 15:44:59 DEBUG    체결정보: , {'종목코드': '122630', '일자': '2021326', '시간': '154458', '현재가': '+26050', '우선매도호가단위': '+26050', '우선매수호가단위': '+26045'}
2021-03-26 15:46:39 DEBUG    로그인 시도
2021-03-26 15:46:39 DEBUG    초기 요청 준비
2021-03-26 15:46:39 DEBUG    요청 실행: kiwoom_CommConnect () {}
2021-03-26 15:46:45 DEBUG    요청 콜백: kiwoom_OnEventConnect (0,) {}
2021-03-26 15:46:45 DEBUG    로그인 성공
2021-03-26 15:46:45 DEBUG    로그인 결과: {'result': 0}
2021-03-26 15:46:45 DEBUG    초기 요청 준비
2021-03-26 15:46:45 DEBUG    요청 실행: kiwoom_TR_OPT10003 ('122630',) {}
2021-03-26 15:46:46 DEBUG    요청 콜백: kiwoom_OnReceiveTrData ('1234', '체결정보', 'OPT10003', '', '2', 0, '', '', '') {}
2021-03-26 15:46:46 DEBUG    체결정보: , {'종목코드': '122630', '일자': '2021326', '시간': '154634', '현재가': '+26050', '우선매도호가단위': '+26050', '우선매수호가단위': '+26045'}
2021-03-26 15:46:47 DEBUG    초기 요청 준비
2021-03-26 15:46:47 DEBUG    요청 실행: kiwoom_TR_OPT10003 ('122630',) {}
2021-03-26 15:46:47 DEBUG    요청 콜백: kiwoom_OnReceiveTrData ('1234', '체결정보', 'OPT10003', '', '2', 0, '', '', '') {}
2021-03-26 15:46:47 DEBUG    체결정보: , {'종목코드': '122630', '일자': '2021326', '시간': '154646', '현재가': '+26050', '우선매도호가단위': '+26050', '우선매수호가단위': '+26045'}
2021-03-26 15:46:48 DEBUG    초기 요청 준비
2021-03-26 15:46:48 DEBUG    요청 실행: kiwoom_TR_OPT10003 ('122630',) {}
2021-03-26 15:46:48 DEBUG    요청 콜백: kiwoom_OnReceiveTrData ('1234', '체결정보', 'OPT10003', '', '2', 0, '', '', '') {}
2021-03-26 15:46:48 DEBUG    체결정보: , {'종목코드': '122630', '일자': '2021326', '시간': '154646', '현재가': '+26050', '우선매도호가단위': '+26050', '우선매수호가단위': '+26045'}
2021-03-26 15:46:49 DEBUG    초기 요청 준비
2021-03-26 15:46:49 DEBUG    요청 실행: kiwoom_TR_OPT10003 ('122630',) {}
2021-03-26 15:46:49 DEBUG    요청 콜백: kiwoom_OnReceiveTrData ('1234', '체결정보', 'OPT10003', '', '2', 0, '', '', '') {}
2021-03-26 15:46:49 DEBUG    체결정보: , {'종목코드': '122630', '일자': '2021326', '시간': '154646', '현재가': '+26050', '우선매도호가단위': '+26050', '우선매수호가단위': '+26045'}
2021-03-26 15:46:50 DEBUG    초기 요청 준비
2021-03-26 15:46:50 DEBUG    요청 실행: kiwoom_TR_OPT10003 ('122630',) {}
2021-03-26 15:46:50 DEBUG    요청 콜백: kiwoom_OnReceiveTrData ('1234', '체결정보', 'OPT10003', '', '2', 0, '', '', '') {}
2021-03-26 15:46:50 DEBUG    체결정보: , {'종목코드': '122630', '일자': '2021326', '시간': '154646', '현재가': '+26050', '우선매도호가단위': '+26050', '우선매수호가단위': '+26045'}
2021-03-26 15:46:51 DEBUG    초기 요청 준비
2021-03-26 15:46:51 DEBUG    요청 실행: kiwoom_TR_OPT10003 ('122630',) {}
2021-03-26 15:46:51 DEBUG    요청 콜백: kiwoom_OnReceiveTrData ('1234', '체결정보', 'OPT10003', '', '2', 0, '', '', '') {}
2021-03-26 15:46:52 DEBUG    체결정보: , {'종목코드': '122630', '일자': '2021326', '시간': '154646', '현재가': '+26050', '우선매도호가단위': '+26050', '우선매수호가단위': '+26045'}
2021-03-26 15:46:53 DEBUG    초기 요청 준비
2021-03-26 15:46:53 DEBUG    요청 실행: kiwoom_TR_OPT10003 ('122630',) {}
2021-03-26 15:46:53 DEBUG    요청 콜백: kiwoom_OnReceiveTrData ('1234', '체결정보', 'OPT10003', '', '2', 0, '', '', '') {}
2021-03-26 15:46:53 DEBUG    체결정보: , {'종목코드': '122630', '일자': '2021326', '시간': '154652', '현재가': '+26050', '우선매도호가단위': '+26050', '우선매수호가단위': '+26045'}
2021-03-26 15:46:54 DEBUG    초기 요청 준비
2021-03-26 15:46:54 DEBUG    요청 실행: kiwoom_TR_OPT10003 ('122630',) {}
2021-03-26 15:46:54 DEBUG    요청 콜백: kiwoom_OnReceiveTrData ('1234', '체결정보', 'OPT10003', '', '2', 0, '', '', '') {}
2021-03-26 15:46:54 DEBUG    체결정보: , {'종목코드': '122630', '일자': '2021326', '시간': '154653', '현재가': '+26050', '우선매도호가단위': '+26050', '우선매수호가단위': '+26045'}
2021-03-26 15:46:55 DEBUG    초기 요청 준비
2021-03-26 15:46:55 DEBUG    요청 실행: kiwoom_TR_OPT10003 ('122630',) {}
2021-03-26 15:46:55 DEBUG    요청 콜백: kiwoom_OnReceiveTrData ('1234', '체결정보', 'OPT10003', '', '2', 0, '', '', '') {}
2021-03-26 15:46:55 DEBUG    체결정보: , {'종목코드': '122630', '일자': '2021326', '시간': '154654', '현재가': '+26050', '우선매도호가단위': '+26050', '우선매수호가단위': '+26045'}
2021-03-26 15:46:56 DEBUG    초기 요청 준비
2021-03-26 15:46:56 DEBUG    요청 실행: kiwoom_TR_OPT10003 ('122630',) {}
2021-03-26 15:46:56 DEBUG    요청 콜백: kiwoom_OnReceiveTrData ('1234', '체결정보', 'OPT10003', '', '2', 0, '', '', '') {}
2021-03-26 15:46:56 DEBUG    체결정보: , {'종목코드': '122630', '일자': '2021326', '시간': '154654', '현재가': '+26050', '우선매도호가단위': '+26050', '우선매수호가단위': '+26045'}
2021-03-26 15:47:34 DEBUG    로그인 시도
2021-03-26 15:47:34 DEBUG    초기 요청 준비
2021-03-26 15:47:34 DEBUG    요청 실행: kiwoom_CommConnect () {}
2021-03-26 15:47:40 DEBUG    요청 콜백: kiwoom_OnEventConnect (0,) {}
2021-03-26 15:47:40 DEBUG    로그인 성공
2021-03-26 15:47:40 DEBUG    로그인 결과: {'result': 0}
2021-03-26 15:47:40 DEBUG    초기 요청 준비
2021-03-26 15:47:40 DEBUG    요청 실행: kiwoom_TR_OPT10003 ('122630',) {}
2021-03-26 15:47:41 DEBUG    요청 콜백: kiwoom_OnReceiveTrData ('1234', '체결정보', 'OPT10003', '', '2', 0, '', '', '') {}
2021-03-26 15:47:41 DEBUG    체결정보: , {'종목코드': '122630', '일자': '2021326', '시간': '154724', '현재가': '+26050', '우선매도호가단위': '+26050', '우선매수호가단위': '+26045'}
2021-03-26 15:47:42 DEBUG    초기 요청 준비
2021-03-26 15:47:42 DEBUG    요청 실행: kiwoom_TR_OPT10003 ('122630',) {}
2021-03-26 15:47:42 DEBUG    요청 콜백: kiwoom_OnReceiveTrData ('1234', '체결정보', 'OPT10003', '', '2', 0, '', '', '') {}
2021-03-26 15:47:42 DEBUG    체결정보: , {'종목코드': '122630', '일자': '2021326', '시간': '154724', '현재가': '+26050', '우선매도호가단위': '+26050', '우선매수호가단위': '+26045'}
2021-03-26 15:47:43 DEBUG    초기 요청 준비
2021-03-26 15:47:43 DEBUG    요청 실행: kiwoom_TR_OPT10003 ('122630',) {}
2021-03-26 15:47:43 DEBUG    요청 콜백: kiwoom_OnReceiveTrData ('1234', '체결정보', 'OPT10003', '', '2', 0, '', '', '') {}
2021-03-26 15:47:44 DEBUG    체결정보: , {'종목코드': '122630', '일자': '2021326', '시간': '154724', '현재가': '+26050', '우선매도호가단위': '+26050', '우선매수호가단위': '+26045'}
2021-03-26 15:48:43 DEBUG    로그인 시도
2021-03-26 15:48:43 DEBUG    초기 요청 준비
2021-03-26 15:48:43 DEBUG    요청 실행: kiwoom_CommConnect () {}
2021-03-26 15:48:50 DEBUG    요청 콜백: kiwoom_OnEventConnect (0,) {}
2021-03-26 15:48:50 DEBUG    로그인 성공
2021-03-26 15:48:50 DEBUG    로그인 결과: {'result': 0}
2021-03-26 15:48:50 DEBUG    초기 요청 준비
2021-03-26 15:48:50 DEBUG    요청 실행: kiwoom_TR_OPT10003 ('122630',) {}
2021-03-26 15:48:51 DEBUG    요청 콜백: kiwoom_OnReceiveTrData ('1234', '체결정보', 'OPT10003', '', '2', 0, '', '', '') {}
2021-03-26 15:48:51 DEBUG    체결정보: , {'종목코드': '122630', '일자': '2021326', '시간': '154847', '현재가': '+26050', '우선매도호가단위': '+26050', '우선매수호가단위': '+26045'}
2021-03-26 15:48:52 DEBUG    초기 요청 준비
2021-03-26 15:48:52 DEBUG    요청 실행: kiwoom_TR_OPT10003 ('122630',) {}
2021-03-26 15:48:52 DEBUG    요청 콜백: kiwoom_OnReceiveTrData ('1234', '체결정보', 'OPT10003', '', '2', 0, '', '', '') {}
2021-03-26 15:48:52 DEBUG    체결정보: , {'종목코드': '122630', '일자': '2021326', '시간': '154847', '현재가': '+26050', '우선매도호가단위': '+26050', '우선매수호가단위': '+26045'}
2021-03-26 15:49:16 DEBUG    로그인 시도
2021-03-26 15:49:16 DEBUG    초기 요청 준비
2021-03-26 15:49:16 DEBUG    요청 실행: kiwoom_CommConnect () {}
2021-03-26 15:49:22 DEBUG    요청 콜백: kiwoom_OnEventConnect (0,) {}
2021-03-26 15:49:22 DEBUG    로그인 성공
2021-03-26 15:49:22 DEBUG    로그인 결과: {'result': 0}
2021-03-26 15:49:22 DEBUG    초기 요청 준비
2021-03-26 15:49:22 DEBUG    요청 실행: kiwoom_TR_OPT10003 ('122630',) {}
2021-03-26 15:49:23 DEBUG    요청 콜백: kiwoom_OnReceiveTrData ('1234', '체결정보', 'OPT10003', '', '2', 0, '', '', '') {}
2021-03-26 15:49:23 DEBUG    체결정보: , {'종목코드': '122630', '일자': '2021326', '시간': '154916', '현재가': '+26050', '우선매도호가단위': '+26050', '우선매수호가단위': '+26045'}
2021-03-26 15:49:24 DEBUG    초기 요청 준비
2021-03-26 15:49:24 DEBUG    요청 실행: kiwoom_TR_OPT10003 ('122630',) {}
2021-03-26 15:49:24 DEBUG    요청 콜백: kiwoom_OnReceiveTrData ('1234', '체결정보', 'OPT10003', '', '2', 0, '', '', '') {}
2021-03-26 15:49:24 DEBUG    체결정보: , {'종목코드': '122630', '일자': '2021326', '시간': '154916', '현재가': '+26050', '우선매도호가단위': '+26050', '우선매수호가단위': '+26045'}
2021-03-26 15:49:25 DEBUG    초기 요청 준비
2021-03-26 15:49:25 DEBUG    요청 실행: kiwoom_TR_OPT10003 ('122630',) {}
2021-03-26 15:49:25 DEBUG    요청 콜백: kiwoom_OnReceiveTrData ('1234', '체결정보', 'OPT10003', '', '2', 0, '', '', '') {}
2021-03-26 15:49:25 DEBUG    체결정보: , {'종목코드': '122630', '일자': '2021326', '시간': '154916', '현재가': '+26050', '우선매도호가단위': '+26050', '우선매수호가단위': '+26045'}
2021-03-26 15:50:22 DEBUG    로그인 시도
2021-03-26 15:50:22 DEBUG    초기 요청 준비
2021-03-26 15:50:22 DEBUG    요청 실행: kiwoom_CommConnect () {}
2021-03-26 15:50:28 DEBUG    요청 콜백: kiwoom_OnEventConnect (0,) {}
2021-03-26 15:50:28 DEBUG    로그인 성공
2021-03-26 15:50:28 DEBUG    로그인 결과: {'result': 0}
2021-03-26 15:50:28 DEBUG    초기 요청 준비
2021-03-26 15:50:28 DEBUG    요청 실행: kiwoom_TR_OPT10003 ('122630',) {}
2021-03-26 15:50:29 DEBUG    요청 콜백: kiwoom_OnReceiveTrData ('1234', '체결정보', 'OPT10003', '', '2', 0, '', '', '') {}
2021-03-26 15:50:29 DEBUG    체결정보: , {'종목코드': '122630', '일자': '20210326', '시간': '155018', '현재가': '+26050', '우선매도호가단위': '+26050', '우선매수호가단위': '+26045'}
2021-03-26 15:50:30 DEBUG    초기 요청 준비
2021-03-26 15:50:30 DEBUG    요청 실행: kiwoom_TR_OPT10003 ('122630',) {}
2021-03-26 15:50:30 DEBUG    요청 콜백: kiwoom_OnReceiveTrData ('1234', '체결정보', 'OPT10003', '', '2', 0, '', '', '') {}
2021-03-26 15:50:30 DEBUG    체결정보: , {'종목코드': '122630', '일자': '20210326', '시간': '155018', '현재가': '+26050', '우선매도호가단위': '+26050', '우선매수호가단위': '+26045'}
2021-03-26 15:53:12 DEBUG    로그인 시도
2021-03-26 15:53:12 DEBUG    초기 요청 준비
2021-03-26 15:53:12 DEBUG    요청 실행: kiwoom_CommConnect () {}
2021-03-26 15:53:18 DEBUG    요청 콜백: kiwoom_OnEventConnect (0,) {}
2021-03-26 15:53:18 DEBUG    로그인 성공
2021-03-26 15:53:18 DEBUG    로그인 결과: {'result': 0}
2021-03-26 15:53:18 DEBUG    초기 요청 준비
2021-03-26 15:53:18 DEBUG    요청 실행: kiwoom_TR_OPT10003 ('122630',) {}
2021-03-26 15:53:19 DEBUG    요청 콜백: kiwoom_OnReceiveTrData ('1234', '체결정보', 'OPT10003', '', '2', 0, '', '', '') {}
2021-03-26 15:53:19 DEBUG    체결정보: , {'종목코드': '122630', '일자': '20210326', '시간': '155317', '현재가': '+26050', '우선매도호가단위': '+26050', '우선매수호가단위': '+26045'}
2021-03-26 15:53:20 DEBUG    초기 요청 준비
2021-03-26 15:53:20 DEBUG    요청 실행: kiwoom_TR_OPT10003 ('122630',) {}
2021-03-26 15:53:20 DEBUG    요청 콜백: kiwoom_OnReceiveTrData ('1234', '체결정보', 'OPT10003', '', '2', 0, '', '', '') {}
2021-03-26 15:53:20 DEBUG    체결정보: , {'종목코드': '122630', '일자': '20210326', '시간': '155317', '현재가': '+26050', '우선매도호가단위': '+26050', '우선매수호가단위': '+26045'}
2021-03-26 15:53:21 DEBUG    초기 요청 준비
2021-03-26 15:53:21 DEBUG    요청 실행: kiwoom_TR_OPT10003 ('122630',) {}
2021-03-26 15:53:21 DEBUG    요청 콜백: kiwoom_OnReceiveTrData ('1234', '체결정보', 'OPT10003', '', '2', 0, '', '', '') {}
2021-03-26 15:53:21 DEBUG    체결정보: , {'종목코드': '122630', '일자': '20210326', '시간': '155317', '현재가': '+26050', '우선매도호가단위': '+26050', '우선매수호가단위': '+26045'}
2021-03-26 15:54:10 DEBUG    로그인 시도
2021-03-26 15:54:10 DEBUG    초기 요청 준비
2021-03-26 15:54:10 DEBUG    요청 실행: kiwoom_CommConnect () {}
2021-03-26 15:54:17 DEBUG    요청 콜백: kiwoom_OnEventConnect (0,) {}
2021-03-26 15:54:17 DEBUG    로그인 성공
2021-03-26 15:54:17 DEBUG    로그인 결과: {'result': 0}
2021-03-26 15:54:17 DEBUG    초기 요청 준비
2021-03-26 15:54:17 DEBUG    요청 실행: kiwoom_TR_OPT10003 ('122630',) {}
2021-03-26 15:54:18 DEBUG    요청 콜백: kiwoom_OnReceiveTrData ('1234', '체결정보', 'OPT10003', '', '2', 0, '', '', '') {}
2021-03-26 15:54:18 DEBUG    체결정보: , {'종목코드': '122630', '일자': '20210326', '시간': '155352', '현재가': '+26050', '우선매도호가단위': '+26050', '우선매수호가단위': '+26045'}
2021-03-26 15:54:19 DEBUG    초기 요청 준비
2021-03-26 15:54:19 DEBUG    요청 실행: kiwoom_TR_OPT10003 ('122630',) {}
2021-03-26 15:54:19 DEBUG    요청 콜백: kiwoom_OnReceiveTrData ('1234', '체결정보', 'OPT10003', '', '2', 0, '', '', '') {}
2021-03-26 15:54:19 DEBUG    체결정보: , {'종목코드': '122630', '일자': '20210326', '시간': '155352', '현재가': '+26050', '우선매도호가단위': '+26050', '우선매수호가단위': '+26045'}
2021-03-26 15:54:20 DEBUG    초기 요청 준비
2021-03-26 15:54:20 DEBUG    요청 실행: kiwoom_TR_OPT10003 ('122630',) {}
2021-03-26 15:54:20 DEBUG    요청 콜백: kiwoom_OnReceiveTrData ('1234', '체결정보', 'OPT10003', '', '2', 0, '', '', '') {}
2021-03-26 15:54:20 DEBUG    체결정보: , {'종목코드': '122630', '일자': '20210326', '시간': '155352', '현재가': '+26050', '우선매도호가단위': '+26050', '우선매수호가단위': '+26045'}
2021-03-26 17:09:27 DEBUG    로그인 시도
2021-03-26 17:09:27 DEBUG    초기 요청 준비
2021-03-26 17:09:27 DEBUG    요청 실행: kiwoom_CommConnect () {}
2021-03-26 17:09:34 DEBUG    요청 콜백: kiwoom_OnEventConnect (0,) {}
2021-03-26 17:09:34 DEBUG    로그인 성공
2021-03-26 17:09:34 DEBUG    로그인 결과: {'result': 0}
2021-03-26 17:09:34 DEBUG    초기 요청 준비
2021-03-26 17:09:34 DEBUG    요청 실행: kiwoom_TR_OPT10003 ('122630',) {}
2021-03-26 17:09:35 DEBUG    요청 콜백: kiwoom_OnReceiveTrData ('1234', '체결정보', 'OPT10003', '', '2', 0, '', '', '') {}
2021-03-26 17:09:35 DEBUG    체결정보: , {'종목코드': '122630', '일자': '20210326', '시간': '155948', '현재가': '+26050', '우선매도호가단위': '+26050', '우선매수호가단위': '+26045'}
2021-03-26 17:09:36 DEBUG    초기 요청 준비
2021-03-26 17:09:36 DEBUG    요청 실행: kiwoom_TR_OPT10003 ('122630',) {}
2021-03-26 17:09:36 DEBUG    요청 콜백: kiwoom_OnReceiveTrData ('1234', '체결정보', 'OPT10003', '', '2', 0, '', '', '') {}
2021-03-26 17:09:36 DEBUG    체결정보: , {'종목코드': '122630', '일자': '20210326', '시간': '155948', '현재가': '+26050', '우선매도호가단위': '+26050', '우선매수호가단위': '+26045'}
2021-03-26 17:12:27 DEBUG    로그인 시도
2021-03-26 17:12:27 DEBUG    초기 요청 준비
2021-03-26 17:12:27 DEBUG    요청 실행: kiwoom_CommConnect () {}
2021-03-26 17:12:37 DEBUG    요청 콜백: kiwoom_OnEventConnect (0,) {}
2021-03-26 17:12:37 DEBUG    로그인 성공
2021-03-26 17:12:37 DEBUG    로그인 결과: {'result': 0}
2021-03-26 17:12:37 DEBUG    초기 요청 준비
2021-03-26 17:12:37 DEBUG    요청 실행: kiwoom_TR_OPT10003 ('122630',) {}
2021-03-26 17:12:38 DEBUG    요청 콜백: kiwoom_OnReceiveTrData ('1234', '체결정보', 'OPT10003', '', '2', 0, '', '', '') {}
2021-03-26 17:12:38 DEBUG    체결정보: , {'종목코드': '122630', '일자': '20210326', '시간': '155948', '현재가': '+26050', '우선매도호가단위': '+26050', '우선매수호가단위': '+26045'}
2021-03-26 17:12:39 DEBUG    초기 요청 준비
2021-03-26 17:12:39 DEBUG    요청 실행: kiwoom_TR_OPT10003 ('122630',) {}
2021-03-26 17:12:39 DEBUG    요청 콜백: kiwoom_OnReceiveTrData ('1234', '체결정보', 'OPT10003', '', '2', 0, '', '', '') {}
2021-03-26 17:12:40 DEBUG    체결정보: , {'종목코드': '122630', '일자': '20210326', '시간': '155948', '현재가': '+26050', '우선매도호가단위': '+26050', '우선매수호가단위': '+26045'}
2021-03-26 17:12:41 DEBUG    초기 요청 준비
2021-03-26 17:12:41 DEBUG    요청 실행: kiwoom_TR_OPT10003 ('122630',) {}
2021-03-26 17:12:41 DEBUG    요청 콜백: kiwoom_OnReceiveTrData ('1234', '체결정보', 'OPT10003', '', '2', 0, '', '', '') {}
2021-03-26 17:12:41 DEBUG    체결정보: , {'종목코드': '122630', '일자': '20210326', '시간': '155948', '현재가': '+26050', '우선매도호가단위': '+26050', '우선매수호가단위': '+26045'}
2021-03-26 17:12:42 DEBUG    초기 요청 준비
2021-03-26 17:12:42 DEBUG    요청 실행: kiwoom_TR_OPT10003 ('122630',) {}
2021-03-26 17:12:42 DEBUG    요청 콜백: kiwoom_OnReceiveTrData ('1234', '체결정보', 'OPT10003', '', '2', 0, '', '', '') {}
2021-03-26 17:12:42 DEBUG    체결정보: , {'종목코드': '122630', '일자': '20210326', '시간': '155948', '현재가': '+26050', '우선매도호가단위': '+26050', '우선매수호가단위': '+26045'}
2021-03-26 17:14:16 DEBUG    로그인 시도
2021-03-26 17:14:16 DEBUG    초기 요청 준비
2021-03-26 17:14:16 DEBUG    요청 실행: kiwoom_CommConnect () {}
2021-03-26 17:14:25 DEBUG    요청 콜백: kiwoom_OnEventConnect (0,) {}
2021-03-26 17:14:25 DEBUG    로그인 성공
2021-03-26 17:14:25 DEBUG    로그인 결과: {'result': 0}
2021-03-26 17:14:25 DEBUG    초기 요청 준비
2021-03-26 17:14:25 DEBUG    요청 실행: kiwoom_TR_OPT10003 ('122630',) {}
2021-03-26 17:14:26 DEBUG    요청 콜백: kiwoom_OnReceiveTrData ('1234', '체결정보', 'OPT10003', '', '2', 0, '', '', '') {}
2021-03-26 17:14:26 DEBUG    체결정보: , {'종목코드': '122630', '일자': '20210326', '시간': '155948', '현재가': '+26050', '우선매도호가단위': '+26050', '우선매수호가단위': '+26045'}
2021-03-26 17:14:27 DEBUG    초기 요청 준비
2021-03-26 17:14:27 DEBUG    요청 실행: kiwoom_TR_OPT10003 ('122630',) {}
2021-03-26 17:14:27 DEBUG    요청 콜백: kiwoom_OnReceiveTrData ('1234', '체결정보', 'OPT10003', '', '2', 0, '', '', '') {}
2021-03-26 17:14:27 DEBUG    체결정보: , {'종목코드': '122630', '일자': '20210326', '시간': '155948', '현재가': '+26050', '우선매도호가단위': '+26050', '우선매수호가단위': '+26045'}
2021-03-26 17:14:28 DEBUG    초기 요청 준비
2021-03-26 17:14:28 DEBUG    요청 실행: kiwoom_TR_OPT10003 ('122630',) {}
2021-03-26 17:14:28 DEBUG    요청 콜백: kiwoom_OnReceiveTrData ('1234', '체결정보', 'OPT10003', '', '2', 0, '', '', '') {}
2021-03-26 17:14:28 DEBUG    체결정보: , {'종목코드': '122630', '일자': '20210326', '시간': '155948', '현재가': '+26050', '우선매도호가단위': '+26050', '우선매수호가단위': '+26045'}
2021-03-26 17:14:29 DEBUG    초기 요청 준비
2021-03-26 17:14:29 DEBUG    요청 실행: kiwoom_TR_OPT10003 ('122630',) {}
2021-03-26 17:14:29 DEBUG    요청 콜백: kiwoom_OnReceiveTrData ('1234', '체결정보', 'OPT10003', '', '2', 0, '', '', '') {}
2021-03-26 17:14:29 DEBUG    체결정보: , {'종목코드': '122630', '일자': '20210326', '시간': '155948', '현재가': '+26050', '우선매도호가단위': '+26050', '우선매수호가단위': '+26045'}
2021-03-26 17:14:48 DEBUG    로그인 시도
2021-03-26 17:14:48 DEBUG    초기 요청 준비
2021-03-26 17:14:48 DEBUG    요청 실행: kiwoom_CommConnect () {}
2021-03-26 17:14:58 DEBUG    요청 콜백: kiwoom_OnEventConnect (0,) {}
2021-03-26 17:14:58 DEBUG    로그인 성공
2021-03-26 17:14:58 DEBUG    로그인 결과: {'result': 0}
2021-03-26 17:14:58 DEBUG    초기 요청 준비
2021-03-26 17:14:58 DEBUG    요청 실행: kiwoom_TR_OPT10003 ('122630',) {}
2021-03-26 17:14:59 DEBUG    요청 콜백: kiwoom_OnReceiveTrData ('1234', '체결정보', 'OPT10003', '', '2', 0, '', '', '') {}
2021-03-26 17:14:59 DEBUG    체결정보: , {'종목코드': '122630', '일자': '20210326', '시간': '155948', '현재가': '+26050', '우선매도호가단위': '+26050', '우선매수호가단위': '+26045'}
2021-03-26 17:15:00 DEBUG    초기 요청 준비
2021-03-26 17:15:00 DEBUG    요청 실행: kiwoom_TR_OPT10003 ('122630',) {}
2021-03-26 17:15:00 DEBUG    요청 콜백: kiwoom_OnReceiveTrData ('1234', '체결정보', 'OPT10003', '', '2', 0, '', '', '') {}
2021-03-26 17:15:00 DEBUG    체결정보: , {'종목코드': '122630', '일자': '20210326', '시간': '155948', '현재가': '+26050', '우선매도호가단위': '+26050', '우선매수호가단위': '+26045'}
2021-03-26 17:15:01 DEBUG    초기 요청 준비
2021-03-26 17:15:01 DEBUG    요청 실행: kiwoom_TR_OPT10003 ('122630',) {}
2021-03-26 17:15:01 DEBUG    요청 콜백: kiwoom_OnReceiveTrData ('1234', '체결정보', 'OPT10003', '', '2', 0, '', '', '') {}
2021-03-26 17:15:01 DEBUG    체결정보: , {'종목코드': '122630', '일자': '20210326', '시간': '155948', '현재가': '+26050', '우선매도호가단위': '+26050', '우선매수호가단위': '+26045'}
2021-03-26 17:15:02 DEBUG    초기 요청 준비
2021-03-26 17:15:02 DEBUG    요청 실행: kiwoom_TR_OPT10003 ('122630',) {}
2021-03-26 17:15:02 DEBUG    요청 콜백: kiwoom_OnReceiveTrData ('1234', '체결정보', 'OPT10003', '', '2', 0, '', '', '') {}
2021-03-26 17:15:02 DEBUG    체결정보: , {'종목코드': '122630', '일자': '20210326', '시간': '155948', '현재가': '+26050', '우선매도호가단위': '+26050', '우선매수호가단위': '+26045'}
2021-03-26 17:15:55 DEBUG    로그인 시도
2021-03-26 17:15:55 DEBUG    초기 요청 준비
2021-03-26 17:15:55 DEBUG    요청 실행: kiwoom_CommConnect () {}
2021-03-26 17:16:02 DEBUG    요청 콜백: kiwoom_OnEventConnect (0,) {}
2021-03-26 17:16:02 DEBUG    로그인 성공
2021-03-26 17:16:02 DEBUG    로그인 결과: {'result': 0}
2021-03-26 17:16:02 DEBUG    초기 요청 준비
2021-03-26 17:16:02 DEBUG    요청 실행: kiwoom_TR_OPT10003 ('122630',) {}
2021-03-26 17:16:03 DEBUG    요청 콜백: kiwoom_OnReceiveTrData ('1234', '체결정보', 'OPT10003', '', '2', 0, '', '', '') {}
2021-03-26 17:16:03 DEBUG    체결정보: , {'종목코드': '122630', '일자': '20210326', '시간': '155948', '현재가': '+26050', '우선매도호가단위': '+26050', '우선매수호가단위': '+26045'}
2021-03-26 17:16:04 DEBUG    초기 요청 준비
2021-03-26 17:16:04 DEBUG    요청 실행: kiwoom_TR_OPT10003 ('122630',) {}
2021-03-26 17:16:04 DEBUG    요청 콜백: kiwoom_OnReceiveTrData ('1234', '체결정보', 'OPT10003', '', '2', 0, '', '', '') {}
2021-03-26 17:16:04 DEBUG    체결정보: , {'종목코드': '122630', '일자': '20210326', '시간': '155948', '현재가': '+26050', '우선매도호가단위': '+26050', '우선매수호가단위': '+26045'}
2021-03-26 17:16:05 DEBUG    초기 요청 준비
2021-03-26 17:16:05 DEBUG    요청 실행: kiwoom_TR_OPT10003 ('122630',) {}
2021-03-26 17:16:05 DEBUG    요청 콜백: kiwoom_OnReceiveTrData ('1234', '체결정보', 'OPT10003', '', '2', 0, '', '', '') {}
2021-03-26 17:16:05 DEBUG    체결정보: , {'종목코드': '122630', '일자': '20210326', '시간': '155948', '현재가': '+26050', '우선매도호가단위': '+26050', '우선매수호가단위': '+26045'}
2021-03-26 17:16:06 DEBUG    초기 요청 준비
2021-03-26 17:16:06 DEBUG    요청 실행: kiwoom_TR_OPT10003 ('122630',) {}
2021-03-26 17:16:06 DEBUG    요청 콜백: kiwoom_OnReceiveTrData ('1234', '체결정보', 'OPT10003', '', '2', 0, '', '', '') {}
2021-03-26 17:16:06 DEBUG    체결정보: , {'종목코드': '122630', '일자': '20210326', '시간': '155948', '현재가': '+26050', '우선매도호가단위': '+26050', '우선매수호가단위': '+26045'}
2021-03-26 17:16:07 DEBUG    초기 요청 준비
2021-03-26 17:16:07 DEBUG    요청 실행: kiwoom_TR_OPT10003 ('122630',) {}
2021-03-26 17:16:07 DEBUG    요청 콜백: kiwoom_OnReceiveTrData ('1234', '체결정보', 'OPT10003', '', '2', 0, '', '', '') {}
2021-03-26 17:16:07 DEBUG    체결정보: , {'종목코드': '122630', '일자': '20210326', '시간': '155948', '현재가': '+26050', '우선매도호가단위': '+26050', '우선매수호가단위': '+26045'}
2021-03-26 17:16:08 DEBUG    초기 요청 준비
2021-03-26 17:16:08 DEBUG    요청 실행: kiwoom_TR_OPT10003 ('122630',) {}
2021-03-26 17:16:08 DEBUG    요청 콜백: kiwoom_OnReceiveTrData ('1234', '체결정보', 'OPT10003', '', '2', 0, '', '', '') {}
2021-03-26 17:16:08 DEBUG    체결정보: , {'종목코드': '122630', '일자': '20210326', '시간': '155948', '현재가': '+26050', '우선매도호가단위': '+26050', '우선매수호가단위': '+26045'}
2021-03-26 17:16:09 DEBUG    초기 요청 준비
2021-03-26 17:16:09 DEBUG    요청 실행: kiwoom_TR_OPT10003 ('122630',) {}
2021-03-26 17:16:09 DEBUG    요청 콜백: kiwoom_OnReceiveTrData ('1234', '체결정보', 'OPT10003', '', '2', 0, '', '', '') {}
2021-03-26 17:16:09 DEBUG    체결정보: , {'종목코드': '122630', '일자': '20210326', '시간': '155948', '현재가': '+26050', '우선매도호가단위': '+26050', '우선매수호가단위': '+26045'}
2021-03-26 17:16:10 DEBUG    초기 요청 준비
2021-03-26 17:16:10 DEBUG    요청 실행: kiwoom_TR_OPT10003 ('122630',) {}
2021-03-26 17:16:11 DEBUG    요청 콜백: kiwoom_OnReceiveTrData ('1234', '체결정보', 'OPT10003', '', '2', 0, '', '', '') {}
2021-03-26 17:16:11 DEBUG    체결정보: , {'종목코드': '122630', '일자': '20210326', '시간': '155948', '현재가': '+26050', '우선매도호가단위': '+26050', '우선매수호가단위': '+26045'}
2021-03-26 17:16:12 DEBUG    초기 요청 준비
2021-03-26 17:16:12 DEBUG    요청 실행: kiwoom_TR_OPT10003 ('122630',) {}
2021-03-26 17:16:12 DEBUG    요청 콜백: kiwoom_OnReceiveTrData ('1234', '체결정보', 'OPT10003', '', '2', 0, '', '', '') {}
2021-03-26 17:16:12 DEBUG    체결정보: , {'종목코드': '122630', '일자': '20210326', '시간': '155948', '현재가': '+26050', '우선매도호가단위': '+26050', '우선매수호가단위': '+26045'}
2021-03-26 17:16:13 DEBUG    초기 요청 준비
2021-03-26 17:16:13 DEBUG    요청 실행: kiwoom_TR_OPT10003 ('122630',) {}
2021-03-26 17:16:13 DEBUG    요청 콜백: kiwoom_OnReceiveTrData ('1234', '체결정보', 'OPT10003', '', '2', 0, '', '', '') {}
2021-03-26 17:16:13 DEBUG    체결정보: , {'종목코드': '122630', '일자': '20210326', '시간': '155948', '현재가': '+26050', '우선매도호가단위': '+26050', '우선매수호가단위': '+26045'}
2021-03-26 17:16:14 DEBUG    초기 요청 준비
2021-03-26 17:16:14 DEBUG    요청 실행: kiwoom_TR_OPT10003 ('122630',) {}
2021-03-26 17:16:14 DEBUG    요청 콜백: kiwoom_OnReceiveTrData ('1234', '체결정보', 'OPT10003', '', '2', 0, '', '', '') {}
2021-03-26 17:16:14 DEBUG    체결정보: , {'종목코드': '122630', '일자': '20210326', '시간': '155948', '현재가': '+26050', '우선매도호가단위': '+26050', '우선매수호가단위': '+26045'}
2021-03-26 17:16:15 DEBUG    초기 요청 준비
2021-03-26 17:16:15 DEBUG    요청 실행: kiwoom_TR_OPT10003 ('122630',) {}
2021-03-26 17:16:15 DEBUG    요청 콜백: kiwoom_OnReceiveTrData ('1234', '체결정보', 'OPT10003', '', '2', 0, '', '', '') {}
2021-03-26 17:16:15 DEBUG    체결정보: , {'종목코드': '122630', '일자': '20210326', '시간': '155948', '현재가': '+26050', '우선매도호가단위': '+26050', '우선매수호가단위': '+26045'}
2021-03-26 17:16:16 DEBUG    초기 요청 준비
2021-03-26 17:16:16 DEBUG    요청 실행: kiwoom_TR_OPT10003 ('122630',) {}
2021-03-26 17:16:16 DEBUG    요청 콜백: kiwoom_OnReceiveTrData ('1234', '체결정보', 'OPT10003', '', '2', 0, '', '', '') {}
2021-03-26 17:16:16 DEBUG    체결정보: , {'종목코드': '122630', '일자': '20210326', '시간': '155948', '현재가': '+26050', '우선매도호가단위': '+26050', '우선매수호가단위': '+26045'}
2021-03-26 17:16:17 DEBUG    초기 요청 준비
2021-03-26 17:16:17 DEBUG    요청 실행: kiwoom_TR_OPT10003 ('122630',) {}
2021-03-26 17:16:17 DEBUG    요청 콜백: kiwoom_OnReceiveTrData ('1234', '체결정보', 'OPT10003', '', '2', 0, '', '', '') {}
2021-03-26 17:16:17 DEBUG    체결정보: , {'종목코드': '122630', '일자': '20210326', '시간': '155948', '현재가': '+26050', '우선매도호가단위': '+26050', '우선매수호가단위': '+26045'}
2021-03-26 17:16:18 DEBUG    초기 요청 준비
2021-03-26 17:16:18 DEBUG    요청 실행: kiwoom_TR_OPT10003 ('122630',) {}
2021-03-26 17:16:18 DEBUG    요청 콜백: kiwoom_OnReceiveTrData ('1234', '체결정보', 'OPT10003', '', '2', 0, '', '', '') {}
2021-03-26 17:16:18 DEBUG    체결정보: , {'종목코드': '122630', '일자': '20210326', '시간': '155948', '현재가': '+26050', '우선매도호가단위': '+26050', '우선매수호가단위': '+26045'}
2021-03-26 17:16:19 DEBUG    초기 요청 준비
2021-03-26 17:16:19 DEBUG    요청 실행: kiwoom_TR_OPT10003 ('122630',) {}
2021-03-26 17:16:19 DEBUG    요청 콜백: kiwoom_OnReceiveTrData ('1234', '체결정보', 'OPT10003', '', '2', 0, '', '', '') {}
2021-03-26 17:16:19 DEBUG    체결정보: , {'종목코드': '122630', '일자': '20210326', '시간': '155948', '현재가': '+26050', '우선매도호가단위': '+26050', '우선매수호가단위': '+26045'}
2021-03-26 17:16:20 DEBUG    초기 요청 준비
2021-03-26 17:16:20 DEBUG    요청 실행: kiwoom_TR_OPT10003 ('122630',) {}
2021-03-26 17:16:20 DEBUG    요청 콜백: kiwoom_OnReceiveTrData ('1234', '체결정보', 'OPT10003', '', '2', 0, '', '', '') {}
2021-03-26 17:16:20 DEBUG    체결정보: , {'종목코드': '122630', '일자': '20210326', '시간': '155948', '현재가': '+26050', '우선매도호가단위': '+26050', '우선매수호가단위': '+26045'}
2021-03-26 17:16:21 DEBUG    초기 요청 준비
2021-03-26 17:16:21 DEBUG    요청 실행: kiwoom_TR_OPT10003 ('122630',) {}
2021-03-26 17:16:21 DEBUG    요청 콜백: kiwoom_OnReceiveTrData ('1234', '체결정보', 'OPT10003', '', '2', 0, '', '', '') {}
2021-03-26 17:16:21 DEBUG    체결정보: , {'종목코드': '122630', '일자': '20210326', '시간': '155948', '현재가': '+26050', '우선매도호가단위': '+26050', '우선매수호가단위': '+26045'}
2021-03-26 17:17:04 DEBUG    로그인 시도
2021-03-26 17:17:04 DEBUG    초기 요청 준비
2021-03-26 17:17:04 DEBUG    요청 실행: kiwoom_CommConnect () {}
2021-03-26 17:17:12 DEBUG    요청 콜백: kiwoom_OnEventConnect (0,) {}
2021-03-26 17:17:12 DEBUG    로그인 성공
2021-03-26 17:17:12 DEBUG    로그인 결과: {'result': 0}
2021-03-26 17:17:12 DEBUG    초기 요청 준비
2021-03-26 17:17:12 DEBUG    요청 실행: kiwoom_TR_OPT10003 ('122630',) {}
2021-03-26 17:17:13 DEBUG    요청 콜백: kiwoom_OnReceiveTrData ('1234', '체결정보', 'OPT10003', '', '2', 0, '', '', '') {}
2021-03-26 17:17:13 DEBUG    체결정보: , {'종목코드': '122630', '일자': '20210326', '시간': '155948', '현재가': '+26050', '우선매도호가단위': '+26050', '우선매수호가단위': '+26045'}
2021-03-26 17:17:14 DEBUG    초기 요청 준비
2021-03-26 17:17:14 DEBUG    요청 실행: kiwoom_TR_OPT10003 ('122630',) {}
2021-03-26 17:17:14 DEBUG    요청 콜백: kiwoom_OnReceiveTrData ('1234', '체결정보', 'OPT10003', '', '2', 0, '', '', '') {}
2021-03-26 17:17:14 DEBUG    체결정보: , {'종목코드': '122630', '일자': '20210326', '시간': '155948', '현재가': '+26050', '우선매도호가단위': '+26050', '우선매수호가단위': '+26045'}
2021-03-26 17:17:15 DEBUG    초기 요청 준비
2021-03-26 17:17:15 DEBUG    요청 실행: kiwoom_TR_OPT10003 ('122630',) {}
2021-03-26 17:17:15 DEBUG    요청 콜백: kiwoom_OnReceiveTrData ('1234', '체결정보', 'OPT10003', '', '2', 0, '', '', '') {}
2021-03-26 17:17:15 DEBUG    체결정보: , {'종목코드': '122630', '일자': '20210326', '시간': '155948', '현재가': '+26050', '우선매도호가단위': '+26050', '우선매수호가단위': '+26045'}
2021-03-26 17:17:16 DEBUG    초기 요청 준비
2021-03-26 17:17:16 DEBUG    요청 실행: kiwoom_TR_OPT10003 ('122630',) {}
2021-03-26 17:17:16 DEBUG    요청 콜백: kiwoom_OnReceiveTrData ('1234', '체결정보', 'OPT10003', '', '2', 0, '', '', '') {}
2021-03-26 17:17:16 DEBUG    체결정보: , {'종목코드': '122630', '일자': '20210326', '시간': '155948', '현재가': '+26050', '우선매도호가단위': '+26050', '우선매수호가단위': '+26045'}
2021-03-26 17:17:17 DEBUG    초기 요청 준비
2021-03-26 17:17:17 DEBUG    요청 실행: kiwoom_TR_OPT10003 ('122630',) {}
2021-03-26 17:17:17 DEBUG    요청 콜백: kiwoom_OnReceiveTrData ('1234', '체결정보', 'OPT10003', '', '2', 0, '', '', '') {}
2021-03-26 17:17:17 DEBUG    체결정보: , {'종목코드': '122630', '일자': '20210326', '시간': '155948', '현재가': '+26050', '우선매도호가단위': '+26050', '우선매수호가단위': '+26045'}
2021-03-26 17:18:37 DEBUG    로그인 시도
2021-03-26 17:18:37 DEBUG    초기 요청 준비
2021-03-26 17:18:37 DEBUG    요청 실행: kiwoom_CommConnect () {}
2021-03-26 17:18:43 DEBUG    요청 콜백: kiwoom_OnEventConnect (0,) {}
2021-03-26 17:18:43 DEBUG    로그인 성공
2021-03-26 17:18:43 DEBUG    로그인 결과: {'result': 0}
2021-03-26 17:18:43 DEBUG    초기 요청 준비
2021-03-26 17:18:43 DEBUG    요청 실행: kiwoom_TR_OPT10003 ('122630',) {}
2021-03-26 17:18:44 DEBUG    요청 콜백: kiwoom_OnReceiveTrData ('1234', '체결정보', 'OPT10003', '', '2', 0, '', '', '') {}
2021-03-26 17:18:44 DEBUG    체결정보: , {'종목코드': '122630', '일자': '20210326', '시간': '155948', '현재가': '+26050', '우선매도호가단위': '+26050', '우선매수호가단위': '+26045'}
2021-03-26 17:18:45 DEBUG    초기 요청 준비
2021-03-26 17:18:45 DEBUG    요청 실행: kiwoom_TR_OPT10003 ('122630',) {}
2021-03-26 17:18:45 DEBUG    요청 콜백: kiwoom_OnReceiveTrData ('1234', '체결정보', 'OPT10003', '', '2', 0, '', '', '') {}
2021-03-26 17:18:45 DEBUG    체결정보: , {'종목코드': '122630', '일자': '20210326', '시간': '155948', '현재가': '+26050', '우선매도호가단위': '+26050', '우선매수호가단위': '+26045'}
2021-03-26 17:18:46 DEBUG    초기 요청 준비
2021-03-26 17:18:46 DEBUG    요청 실행: kiwoom_TR_OPT10003 ('122630',) {}
2021-03-26 17:18:46 DEBUG    요청 콜백: kiwoom_OnReceiveTrData ('1234', '체결정보', 'OPT10003', '', '2', 0, '', '', '') {}
2021-03-26 17:18:46 DEBUG    체결정보: , {'종목코드': '122630', '일자': '20210326', '시간': '155948', '현재가': '+26050', '우선매도호가단위': '+26050', '우선매수호가단위': '+26045'}
2021-03-26 17:18:47 DEBUG    초기 요청 준비
2021-03-26 17:18:47 DEBUG    요청 실행: kiwoom_TR_OPT10003 ('122630',) {}
2021-03-26 17:18:47 DEBUG    요청 콜백: kiwoom_OnReceiveTrData ('1234', '체결정보', 'OPT10003', '', '2', 0, '', '', '') {}
2021-03-26 17:18:47 DEBUG    체결정보: , {'종목코드': '122630', '일자': '20210326', '시간': '155948', '현재가': '+26050', '우선매도호가단위': '+26050', '우선매수호가단위': '+26045'}
2021-03-26 17:18:48 DEBUG    초기 요청 준비
2021-03-26 17:18:48 DEBUG    요청 실행: kiwoom_TR_OPT10003 ('122630',) {}
2021-03-26 17:18:48 DEBUG    요청 콜백: kiwoom_OnReceiveTrData ('1234', '체결정보', 'OPT10003', '', '2', 0, '', '', '') {}
2021-03-26 17:18:48 DEBUG    체결정보: , {'종목코드': '122630', '일자': '20210326', '시간': '155948', '현재가': '+26050', '우선매도호가단위': '+26050', '우선매수호가단위': '+26045'}
2021-03-26 17:18:49 DEBUG    초기 요청 준비
2021-03-26 17:18:49 DEBUG    요청 실행: kiwoom_TR_OPT10003 ('122630',) {}
2021-03-26 17:18:49 DEBUG    요청 콜백: kiwoom_OnReceiveTrData ('1234', '체결정보', 'OPT10003', '', '2', 0, '', '', '') {}
2021-03-26 17:18:49 DEBUG    체결정보: , {'종목코드': '122630', '일자': '20210326', '시간': '155948', '현재가': '+26050', '우선매도호가단위': '+26050', '우선매수호가단위': '+26045'}
2021-03-26 17:18:50 DEBUG    초기 요청 준비
2021-03-26 17:18:50 DEBUG    요청 실행: kiwoom_TR_OPT10003 ('122630',) {}
2021-03-26 17:18:50 DEBUG    요청 콜백: kiwoom_OnReceiveTrData ('1234', '체결정보', 'OPT10003', '', '2', 0, '', '', '') {}
2021-03-26 17:18:50 DEBUG    체결정보: , {'종목코드': '122630', '일자': '20210326', '시간': '155948', '현재가': '+26050', '우선매도호가단위': '+26050', '우선매수호가단위': '+26045'}
2021-03-26 17:18:51 DEBUG    초기 요청 준비
2021-03-26 17:18:51 DEBUG    요청 실행: kiwoom_TR_OPT10003 ('122630',) {}
2021-03-26 17:18:51 DEBUG    요청 콜백: kiwoom_OnReceiveTrData ('1234', '체결정보', 'OPT10003', '', '2', 0, '', '', '') {}
2021-03-26 17:18:51 DEBUG    체결정보: , {'종목코드': '122630', '일자': '20210326', '시간': '155948', '현재가': '+26050', '우선매도호가단위': '+26050', '우선매수호가단위': '+26045'}
2021-03-26 17:18:52 DEBUG    초기 요청 준비
2021-03-26 17:18:52 DEBUG    요청 실행: kiwoom_TR_OPT10003 ('122630',) {}
2021-03-26 17:18:53 DEBUG    요청 콜백: kiwoom_OnReceiveTrData ('1234', '체결정보', 'OPT10003', '', '2', 0, '', '', '') {}
2021-03-26 17:18:53 DEBUG    체결정보: , {'종목코드': '122630', '일자': '20210326', '시간': '155948', '현재가': '+26050', '우선매도호가단위': '+26050', '우선매수호가단위': '+26045'}
2021-03-26 17:18:54 DEBUG    초기 요청 준비
2021-03-26 17:18:54 DEBUG    요청 실행: kiwoom_TR_OPT10003 ('122630',) {}
2021-03-26 17:18:54 DEBUG    요청 콜백: kiwoom_OnReceiveTrData ('1234', '체결정보', 'OPT10003', '', '2', 0, '', '', '') {}
2021-03-26 17:18:54 DEBUG    체결정보: , {'종목코드': '122630', '일자': '20210326', '시간': '155948', '현재가': '+26050', '우선매도호가단위': '+26050', '우선매수호가단위': '+26045'}
2021-03-26 17:18:55 DEBUG    초기 요청 준비
2021-03-26 17:18:55 DEBUG    요청 실행: kiwoom_TR_OPT10003 ('122630',) {}
2021-03-26 17:18:55 DEBUG    요청 콜백: kiwoom_OnReceiveTrData ('1234', '체결정보', 'OPT10003', '', '2', 0, '', '', '') {}
2021-03-26 17:18:55 DEBUG    체결정보: , {'종목코드': '122630', '일자': '20210326', '시간': '155948', '현재가': '+26050', '우선매도호가단위': '+26050', '우선매수호가단위': '+26045'}
2021-03-26 17:18:56 DEBUG    초기 요청 준비
2021-03-26 17:18:56 DEBUG    요청 실행: kiwoom_TR_OPT10003 ('122630',) {}
2021-03-26 17:18:56 DEBUG    요청 콜백: kiwoom_OnReceiveTrData ('1234', '체결정보', 'OPT10003', '', '2', 0, '', '', '') {}
2021-03-26 17:18:56 DEBUG    체결정보: , {'종목코드': '122630', '일자': '20210326', '시간': '155948', '현재가': '+26050', '우선매도호가단위': '+26050', '우선매수호가단위': '+26045'}
2021-03-26 17:18:57 DEBUG    초기 요청 준비
2021-03-26 17:18:57 DEBUG    요청 실행: kiwoom_TR_OPT10003 ('122630',) {}
2021-03-26 17:18:57 DEBUG    요청 콜백: kiwoom_OnReceiveTrData ('1234', '체결정보', 'OPT10003', '', '2', 0, '', '', '') {}
2021-03-26 17:18:57 DEBUG    체결정보: , {'종목코드': '122630', '일자': '20210326', '시간': '155948', '현재가': '+26050', '우선매도호가단위': '+26050', '우선매수호가단위': '+26045'}
2021-03-26 17:18:58 DEBUG    초기 요청 준비
2021-03-26 17:18:58 DEBUG    요청 실행: kiwoom_TR_OPT10003 ('122630',) {}
2021-03-26 17:18:58 DEBUG    요청 콜백: kiwoom_OnReceiveTrData ('1234', '체결정보', 'OPT10003', '', '2', 0, '', '', '') {}
2021-03-26 17:18:58 DEBUG    체결정보: , {'종목코드': '122630', '일자': '20210326', '시간': '155948', '현재가': '+26050', '우선매도호가단위': '+26050', '우선매수호가단위': '+26045'}
2021-03-26 17:18:59 DEBUG    초기 요청 준비
2021-03-26 17:18:59 DEBUG    요청 실행: kiwoom_TR_OPT10003 ('122630',) {}
2021-03-26 17:18:59 DEBUG    요청 콜백: kiwoom_OnReceiveTrData ('1234', '체결정보', 'OPT10003', '', '2', 0, '', '', '') {}
2021-03-26 17:18:59 DEBUG    체결정보: , {'종목코드': '122630', '일자': '20210326', '시간': '155948', '현재가': '+26050', '우선매도호가단위': '+26050', '우선매수호가단위': '+26045'}
2021-03-26 17:19:00 DEBUG    초기 요청 준비
2021-03-26 17:19:00 DEBUG    요청 실행: kiwoom_TR_OPT10003 ('122630',) {}
2021-03-26 17:19:00 DEBUG    요청 콜백: kiwoom_OnReceiveTrData ('1234', '체결정보', 'OPT10003', '', '2', 0, '', '', '') {}
2021-03-26 17:19:00 DEBUG    체결정보: , {'종목코드': '122630', '일자': '20210326', '시간': '155948', '현재가': '+26050', '우선매도호가단위': '+26050', '우선매수호가단위': '+26045'}
2021-03-26 17:19:01 DEBUG    초기 요청 준비
2021-03-26 17:19:01 DEBUG    요청 실행: kiwoom_TR_OPT10003 ('122630',) {}
2021-03-26 17:19:01 DEBUG    요청 콜백: kiwoom_OnReceiveTrData ('1234', '체결정보', 'OPT10003', '', '2', 0, '', '', '') {}
2021-03-26 17:19:01 DEBUG    체결정보: , {'종목코드': '122630', '일자': '20210326', '시간': '155948', '현재가': '+26050', '우선매도호가단위': '+26050', '우선매수호가단위': '+26045'}
2021-03-26 17:19:02 DEBUG    초기 요청 준비
2021-03-26 17:19:02 DEBUG    요청 실행: kiwoom_TR_OPT10003 ('122630',) {}
2021-03-26 17:19:02 DEBUG    요청 콜백: kiwoom_OnReceiveTrData ('1234', '체결정보', 'OPT10003', '', '2', 0, '', '', '') {}
2021-03-26 17:19:02 DEBUG    체결정보: , {'종목코드': '122630', '일자': '20210326', '시간': '155948', '현재가': '+26050', '우선매도호가단위': '+26050', '우선매수호가단위': '+26045'}
2021-03-26 17:19:03 DEBUG    초기 요청 준비
2021-03-26 17:19:03 DEBUG    요청 실행: kiwoom_TR_OPT10003 ('122630',) {}
2021-03-26 17:19:03 DEBUG    요청 콜백: kiwoom_OnReceiveTrData ('1234', '체결정보', 'OPT10003', '', '2', 0, '', '', '') {}
2021-03-26 17:19:03 DEBUG    체결정보: , {'종목코드': '122630', '일자': '20210326', '시간': '155948', '현재가': '+26050', '우선매도호가단위': '+26050', '우선매수호가단위': '+26045'}
2021-03-26 17:19:04 DEBUG    초기 요청 준비
2021-03-26 17:19:04 DEBUG    요청 실행: kiwoom_TR_OPT10003 ('122630',) {}
2021-03-26 17:19:04 DEBUG    요청 콜백: kiwoom_OnReceiveTrData ('1234', '체결정보', 'OPT10003', '', '2', 0, '', '', '') {}
2021-03-26 17:19:04 DEBUG    체결정보: , {'종목코드': '122630', '일자': '20210326', '시간': '155948', '현재가': '+26050', '우선매도호가단위': '+26050', '우선매수호가단위': '+26045'}
2021-03-26 17:19:05 DEBUG    초기 요청 준비
2021-03-26 17:19:05 DEBUG    요청 실행: kiwoom_TR_OPT10003 ('122630',) {}
2021-03-26 17:19:05 DEBUG    요청 콜백: kiwoom_OnReceiveTrData ('1234', '체결정보', 'OPT10003', '', '2', 0, '', '', '') {}
2021-03-26 17:19:05 DEBUG    체결정보: , {'종목코드': '122630', '일자': '20210326', '시간': '155948', '현재가': '+26050', '우선매도호가단위': '+26050', '우선매수호가단위': '+26045'}
2021-03-26 17:19:06 DEBUG    초기 요청 준비
2021-03-26 17:19:06 DEBUG    요청 실행: kiwoom_TR_OPT10003 ('122630',) {}
2021-03-26 17:19:06 DEBUG    요청 콜백: kiwoom_OnReceiveTrData ('1234', '체결정보', 'OPT10003', '', '2', 0, '', '', '') {}
2021-03-26 17:19:06 DEBUG    체결정보: , {'종목코드': '122630', '일자': '20210326', '시간': '155948', '현재가': '+26050', '우선매도호가단위': '+26050', '우선매수호가단위': '+26045'}
2021-03-26 17:19:07 DEBUG    초기 요청 준비
2021-03-26 17:19:07 DEBUG    요청 실행: kiwoom_TR_OPT10003 ('122630',) {}
2021-03-26 17:19:07 DEBUG    요청 콜백: kiwoom_OnReceiveTrData ('1234', '체결정보', 'OPT10003', '', '2', 0, '', '', '') {}
2021-03-26 17:19:07 DEBUG    체결정보: , {'종목코드': '122630', '일자': '20210326', '시간': '155948', '현재가': '+26050', '우선매도호가단위': '+26050', '우선매수호가단위': '+26045'}
2021-03-26 17:19:08 DEBUG    초기 요청 준비
2021-03-26 17:19:08 DEBUG    요청 실행: kiwoom_TR_OPT10003 ('122630',) {}
2021-03-26 17:19:08 DEBUG    요청 콜백: kiwoom_OnReceiveTrData ('1234', '체결정보', 'OPT10003', '', '2', 0, '', '', '') {}
2021-03-26 17:19:08 DEBUG    체결정보: , {'종목코드': '122630', '일자': '20210326', '시간': '155948', '현재가': '+26050', '우선매도호가단위': '+26050', '우선매수호가단위': '+26045'}
2021-03-26 17:19:09 DEBUG    초기 요청 준비
2021-03-26 17:19:09 DEBUG    요청 실행: kiwoom_TR_OPT10003 ('122630',) {}
2021-03-26 17:19:09 DEBUG    요청 콜백: kiwoom_OnReceiveTrData ('1234', '체결정보', 'OPT10003', '', '2', 0, '', '', '') {}
2021-03-26 17:19:09 DEBUG    체결정보: , {'종목코드': '122630', '일자': '20210326', '시간': '155948', '현재가': '+26050', '우선매도호가단위': '+26050', '우선매수호가단위': '+26045'}
2021-03-26 17:19:10 DEBUG    초기 요청 준비
2021-03-26 17:19:10 DEBUG    요청 실행: kiwoom_TR_OPT10003 ('122630',) {}
2021-03-26 17:19:10 DEBUG    요청 콜백: kiwoom_OnReceiveTrData ('1234', '체결정보', 'OPT10003', '', '2', 0, '', '', '') {}
2021-03-26 17:19:10 DEBUG    체결정보: , {'종목코드': '122630', '일자': '20210326', '시간': '155948', '현재가': '+26050', '우선매도호가단위': '+26050', '우선매수호가단위': '+26045'}
2021-03-26 17:19:11 DEBUG    초기 요청 준비
2021-03-26 17:19:11 DEBUG    요청 실행: kiwoom_TR_OPT10003 ('122630',) {}
2021-03-26 17:19:11 DEBUG    요청 콜백: kiwoom_OnReceiveTrData ('1234', '체결정보', 'OPT10003', '', '2', 0, '', '', '') {}
2021-03-26 17:19:11 DEBUG    체결정보: , {'종목코드': '122630', '일자': '20210326', '시간': '155948', '현재가': '+26050', '우선매도호가단위': '+26050', '우선매수호가단위': '+26045'}
2021-03-26 17:19:12 DEBUG    초기 요청 준비
2021-03-26 17:19:12 DEBUG    요청 실행: kiwoom_TR_OPT10003 ('122630',) {}
2021-03-26 17:19:12 DEBUG    요청 콜백: kiwoom_OnReceiveTrData ('1234', '체결정보', 'OPT10003', '', '2', 0, '', '', '') {}
2021-03-26 17:19:12 DEBUG    체결정보: , {'종목코드': '122630', '일자': '20210326', '시간': '155948', '현재가': '+26050', '우선매도호가단위': '+26050', '우선매수호가단위': '+26045'}
2021-03-26 17:19:13 DEBUG    초기 요청 준비
2021-03-26 17:19:13 DEBUG    요청 실행: kiwoom_TR_OPT10003 ('122630',) {}
2021-03-26 17:19:13 DEBUG    요청 콜백: kiwoom_OnReceiveTrData ('1234', '체결정보', 'OPT10003', '', '2', 0, '', '', '') {}
2021-03-26 17:19:13 DEBUG    체결정보: , {'종목코드': '122630', '일자': '20210326', '시간': '155948', '현재가': '+26050', '우선매도호가단위': '+26050', '우선매수호가단위': '+26045'}
2021-03-26 17:20:38 DEBUG    로그인 시도
2021-03-26 17:20:38 DEBUG    초기 요청 준비
2021-03-26 17:20:38 DEBUG    요청 실행: kiwoom_CommConnect () {}
2021-03-26 17:20:45 DEBUG    요청 콜백: kiwoom_OnEventConnect (0,) {}
2021-03-26 17:20:45 DEBUG    로그인 성공
2021-03-26 17:20:45 DEBUG    로그인 결과: {'result': 0}
2021-03-26 17:20:45 DEBUG    초기 요청 준비
2021-03-26 17:20:45 DEBUG    요청 실행: kiwoom_TR_OPT10003 ('122630',) {}
2021-03-26 17:20:46 DEBUG    요청 콜백: kiwoom_OnReceiveTrData ('1234', '체결정보', 'OPT10003', '', '2', 0, '', '', '') {}
2021-03-26 17:20:46 DEBUG    체결정보: , {'종목코드': '122630', '일자': '20210326', '시간': '155948', '현재가': '+26050', '우선매도호가단위': '+26050', '우선매수호가단위': '+26045'}
2021-03-26 17:20:47 DEBUG    초기 요청 준비
2021-03-26 17:20:47 DEBUG    요청 실행: kiwoom_TR_OPT10003 ('122630',) {}
2021-03-26 17:20:47 DEBUG    요청 콜백: kiwoom_OnReceiveTrData ('1234', '체결정보', 'OPT10003', '', '2', 0, '', '', '') {}
2021-03-26 17:20:47 DEBUG    체결정보: , {'종목코드': '122630', '일자': '20210326', '시간': '155948', '현재가': '+26050', '우선매도호가단위': '+26050', '우선매수호가단위': '+26045'}
2021-03-26 17:20:48 DEBUG    초기 요청 준비
2021-03-26 17:20:48 DEBUG    요청 실행: kiwoom_TR_OPT10003 ('122630',) {}
2021-03-26 17:20:48 DEBUG    요청 콜백: kiwoom_OnReceiveTrData ('1234', '체결정보', 'OPT10003', '', '2', 0, '', '', '') {}
2021-03-26 17:20:48 DEBUG    체결정보: , {'종목코드': '122630', '일자': '20210326', '시간': '155948', '현재가': '+26050', '우선매도호가단위': '+26050', '우선매수호가단위': '+26045'}
2021-03-26 17:20:49 DEBUG    초기 요청 준비
2021-03-26 17:20:49 DEBUG    요청 실행: kiwoom_TR_OPT10003 ('122630',) {}
2021-03-26 17:20:49 DEBUG    요청 콜백: kiwoom_OnReceiveTrData ('1234', '체결정보', 'OPT10003', '', '2', 0, '', '', '') {}
2021-03-26 17:20:49 DEBUG    체결정보: , {'종목코드': '122630', '일자': '20210326', '시간': '155948', '현재가': '+26050', '우선매도호가단위': '+26050', '우선매수호가단위': '+26045'}
2021-03-26 17:20:50 DEBUG    초기 요청 준비
2021-03-26 17:20:50 DEBUG    요청 실행: kiwoom_TR_OPT10003 ('122630',) {}
2021-03-26 17:20:50 DEBUG    요청 콜백: kiwoom_OnReceiveTrData ('1234', '체결정보', 'OPT10003', '', '2', 0, '', '', '') {}
2021-03-26 17:20:50 DEBUG    체결정보: , {'종목코드': '122630', '일자': '20210326', '시간': '155948', '현재가': '+26050', '우선매도호가단위': '+26050', '우선매수호가단위': '+26045'}
2021-03-26 17:20:51 DEBUG    초기 요청 준비
2021-03-26 17:20:51 DEBUG    요청 실행: kiwoom_TR_OPT10003 ('122630',) {}
2021-03-26 17:20:51 DEBUG    요청 콜백: kiwoom_OnReceiveTrData ('1234', '체결정보', 'OPT10003', '', '2', 0, '', '', '') {}
2021-03-26 17:20:51 DEBUG    체결정보: , {'종목코드': '122630', '일자': '20210326', '시간': '155948', '현재가': '+26050', '우선매도호가단위': '+26050', '우선매수호가단위': '+26045'}
2021-03-26 17:20:52 DEBUG    초기 요청 준비
2021-03-26 17:20:52 DEBUG    요청 실행: kiwoom_TR_OPT10003 ('122630',) {}
2021-03-26 17:20:52 DEBUG    요청 콜백: kiwoom_OnReceiveTrData ('1234', '체결정보', 'OPT10003', '', '2', 0, '', '', '') {}
2021-03-26 17:20:52 DEBUG    체결정보: , {'종목코드': '122630', '일자': '20210326', '시간': '155948', '현재가': '+26050', '우선매도호가단위': '+26050', '우선매수호가단위': '+26045'}
2021-03-26 17:21:07 DEBUG    로그인 시도
2021-03-26 17:21:07 DEBUG    초기 요청 준비
2021-03-26 17:21:07 DEBUG    요청 실행: kiwoom_CommConnect () {}
2021-03-26 17:21:14 DEBUG    요청 콜백: kiwoom_OnEventConnect (0,) {}
2021-03-26 17:21:14 DEBUG    로그인 성공
2021-03-26 17:21:14 DEBUG    로그인 결과: {'result': 0}
2021-03-26 17:21:14 DEBUG    초기 요청 준비
2021-03-26 17:21:14 DEBUG    요청 실행: kiwoom_TR_OPT10003 ('122630',) {}
2021-03-26 17:21:15 DEBUG    요청 콜백: kiwoom_OnReceiveTrData ('1234', '체결정보', 'OPT10003', '', '2', 0, '', '', '') {}
2021-03-26 17:21:15 DEBUG    체결정보: , {'종목코드': '122630', '일자': '20210326', '시간': '155948', '현재가': '+26050', '우선매도호가단위': '+26050', '우선매수호가단위': '+26045'}
2021-03-26 17:21:16 DEBUG    초기 요청 준비
2021-03-26 17:21:16 DEBUG    요청 실행: kiwoom_TR_OPT10003 ('122630',) {}
2021-03-26 17:21:16 DEBUG    요청 콜백: kiwoom_OnReceiveTrData ('1234', '체결정보', 'OPT10003', '', '2', 0, '', '', '') {}
2021-03-26 17:21:16 DEBUG    체결정보: , {'종목코드': '122630', '일자': '20210326', '시간': '155948', '현재가': '+26050', '우선매도호가단위': '+26050', '우선매수호가단위': '+26045'}
2021-03-26 17:21:17 DEBUG    초기 요청 준비
2021-03-26 17:21:17 DEBUG    요청 실행: kiwoom_TR_OPT10003 ('122630',) {}
2021-03-26 17:21:17 DEBUG    요청 콜백: kiwoom_OnReceiveTrData ('1234', '체결정보', 'OPT10003', '', '2', 0, '', '', '') {}
2021-03-26 17:21:17 DEBUG    체결정보: , {'종목코드': '122630', '일자': '20210326', '시간': '155948', '현재가': '+26050', '우선매도호가단위': '+26050', '우선매수호가단위': '+26045'}
2021-03-26 17:21:18 DEBUG    초기 요청 준비
2021-03-26 17:21:18 DEBUG    요청 실행: kiwoom_TR_OPT10003 ('122630',) {}
2021-03-26 17:21:18 DEBUG    요청 콜백: kiwoom_OnReceiveTrData ('1234', '체결정보', 'OPT10003', '', '2', 0, '', '', '') {}
2021-03-26 17:21:18 DEBUG    체결정보: , {'종목코드': '122630', '일자': '20210326', '시간': '155948', '현재가': '+26050', '우선매도호가단위': '+26050', '우선매수호가단위': '+26045'}
2021-03-26 17:21:19 DEBUG    초기 요청 준비
2021-03-26 17:21:19 DEBUG    요청 실행: kiwoom_TR_OPT10003 ('122630',) {}
2021-03-26 17:21:20 DEBUG    요청 콜백: kiwoom_OnReceiveTrData ('1234', '체결정보', 'OPT10003', '', '2', 0, '', '', '') {}
2021-03-26 17:21:20 DEBUG    체결정보: , {'종목코드': '122630', '일자': '20210326', '시간': '155948', '현재가': '+26050', '우선매도호가단위': '+26050', '우선매수호가단위': '+26045'}
2021-03-26 17:21:21 DEBUG    초기 요청 준비
2021-03-26 17:21:21 DEBUG    요청 실행: kiwoom_TR_OPT10003 ('122630',) {}
2021-03-26 17:21:21 DEBUG    요청 콜백: kiwoom_OnReceiveTrData ('1234', '체결정보', 'OPT10003', '', '2', 0, '', '', '') {}
2021-03-26 17:21:21 DEBUG    체결정보: , {'종목코드': '122630', '일자': '20210326', '시간': '155948', '현재가': '+26050', '우선매도호가단위': '+26050', '우선매수호가단위': '+26045'}
2021-03-26 17:21:22 DEBUG    초기 요청 준비
2021-03-26 17:21:22 DEBUG    요청 실행: kiwoom_TR_OPT10003 ('122630',) {}
2021-03-26 17:21:22 DEBUG    요청 콜백: kiwoom_OnReceiveTrData ('1234', '체결정보', 'OPT10003', '', '2', 0, '', '', '') {}
2021-03-26 17:21:22 DEBUG    체결정보: , {'종목코드': '122630', '일자': '20210326', '시간': '155948', '현재가': '+26050', '우선매도호가단위': '+26050', '우선매수호가단위': '+26045'}
2021-03-26 17:21:23 DEBUG    초기 요청 준비
2021-03-26 17:21:23 DEBUG    요청 실행: kiwoom_TR_OPT10003 ('122630',) {}
2021-03-26 17:21:23 DEBUG    요청 콜백: kiwoom_OnReceiveTrData ('1234', '체결정보', 'OPT10003', '', '2', 0, '', '', '') {}
2021-03-26 17:21:23 DEBUG    체결정보: , {'종목코드': '122630', '일자': '20210326', '시간': '155948', '현재가': '+26050', '우선매도호가단위': '+26050', '우선매수호가단위': '+26045'}
2021-03-26 17:21:24 DEBUG    초기 요청 준비
2021-03-26 17:21:24 DEBUG    요청 실행: kiwoom_TR_OPT10003 ('122630',) {}
2021-03-26 17:21:24 DEBUG    요청 콜백: kiwoom_OnReceiveTrData ('1234', '체결정보', 'OPT10003', '', '2', 0, '', '', '') {}
2021-03-26 17:21:24 DEBUG    체결정보: , {'종목코드': '122630', '일자': '20210326', '시간': '155948', '현재가': '+26050', '우선매도호가단위': '+26050', '우선매수호가단위': '+26045'}
2021-03-26 17:21:25 DEBUG    초기 요청 준비
2021-03-26 17:21:25 DEBUG    요청 실행: kiwoom_TR_OPT10003 ('122630',) {}
2021-03-26 17:21:25 DEBUG    요청 콜백: kiwoom_OnReceiveTrData ('1234', '체결정보', 'OPT10003', '', '2', 0, '', '', '') {}
2021-03-26 17:21:25 DEBUG    체결정보: , {'종목코드': '122630', '일자': '20210326', '시간': '155948', '현재가': '+26050', '우선매도호가단위': '+26050', '우선매수호가단위': '+26045'}
2021-03-26 17:21:26 DEBUG    초기 요청 준비
2021-03-26 17:21:26 DEBUG    요청 실행: kiwoom_TR_OPT10003 ('122630',) {}
2021-03-26 17:21:26 DEBUG    요청 콜백: kiwoom_OnReceiveTrData ('1234', '체결정보', 'OPT10003', '', '2', 0, '', '', '') {}
2021-03-26 17:21:26 DEBUG    체결정보: , {'종목코드': '122630', '일자': '20210326', '시간': '155948', '현재가': '+26050', '우선매도호가단위': '+26050', '우선매수호가단위': '+26045'}
2021-03-26 17:21:27 DEBUG    초기 요청 준비
2021-03-26 17:21:27 DEBUG    요청 실행: kiwoom_TR_OPT10003 ('122630',) {}
2021-03-26 17:21:27 DEBUG    요청 콜백: kiwoom_OnReceiveTrData ('1234', '체결정보', 'OPT10003', '', '2', 0, '', '', '') {}
2021-03-26 17:21:27 DEBUG    체결정보: , {'종목코드': '122630', '일자': '20210326', '시간': '155948', '현재가': '+26050', '우선매도호가단위': '+26050', '우선매수호가단위': '+26045'}
